build/app/intermediates/manifest_merge_blame_file/release/processReleaseMainManifest/manifest-merger-blame-release-report.txt
1<?xml version="1.0" encoding="utf-8"?>
2<manifest xmlns:android="http://schemas.android.com/apk/res/android"
3    package="com.froyo.ridekaro.ride_karo"
4    android:versionCode="1"
5    android:versionName="1.0.0" >
6
7    <uses-sdk
8        android:minSdkVersion="21"
9        android:targetSdkVersion="35" />
10    <!-- Location permissions required by geolocator for ride location features -->
11    <uses-permission android:name="android.permission.ACCESS_FINE_LOCATION" />
11-->src/main/AndroidManifest.xml:3:5-79
11-->src/main/AndroidManifest.xml:3:22-76
12    <uses-permission android:name="android.permission.ACCESS_COARSE_LOCATION" />
12-->src/main/AndroidManifest.xml:4:5-81
12-->src/main/AndroidManifest.xml:4:22-78
13    <!--
14         Required to query activities that can process text, see:
15         https://developer.android.com/training/package-visibility and
16         https://developer.android.com/reference/android/content/Intent#ACTION_PROCESS_TEXT.
17
18         In particular, this is used by the Flutter engine in io.flutter.plugin.text.ProcessTextPlugin.
19    -->
20    <queries>
20-->src/main/AndroidManifest.xml:48:5-53:15
21        <intent>
21-->src/main/AndroidManifest.xml:49:9-52:18
22            <action android:name="android.intent.action.PROCESS_TEXT" />
22-->src/main/AndroidManifest.xml:50:13-72
22-->src/main/AndroidManifest.xml:50:21-70
23
24            <data android:mimeType="text/plain" />
24-->src/main/AndroidManifest.xml:51:13-50
24-->src/main/AndroidManifest.xml:51:19-48
25        </intent>
26    </queries>
27
28    <permission
28-->[androidx.core:core:1.13.1] AndroidManifest.xml:22:5-24:47
29        android:name="com.froyo.ridekaro.ride_karo.DYNAMIC_RECEIVER_NOT_EXPORTED_PERMISSION"
29-->[androidx.core:core:1.13.1] AndroidManifest.xml:23:9-81
30        android:protectionLevel="signature" />
30-->[androidx.core:core:1.13.1] AndroidManifest.xml:24:9-44
31
32    <uses-permission android:name="com.froyo.ridekaro.ride_karo.DYNAMIC_RECEIVER_NOT_EXPORTED_PERMISSION" />
32-->[androidx.core:core:1.13.1] AndroidManifest.xml:26:5-97
32-->[androidx.core:core:1.13.1] AndroidManifest.xml:26:22-94
33
34    <application
35        android:name="android.app.Application"
35-->src/main/AndroidManifest.xml:7:9-42
36        android:appComponentFactory="androidx.core.app.CoreComponentFactory"
36-->[androidx.core:core:1.13.1] AndroidManifest.xml:28:18-86
37        android:extractNativeLibs="true"
38        android:icon="@mipmap/ic_launcher"
38-->src/main/AndroidManifest.xml:8:9-43
39        android:label="ride_karo" >
39-->src/main/AndroidManifest.xml:6:9-34
40        <activity
40-->src/main/AndroidManifest.xml:9:9-30:20
41            android:name="com.froyo.ridekaro.ride_karo.MainActivity"
41-->src/main/AndroidManifest.xml:10:13-41
42            android:configChanges="orientation|keyboardHidden|keyboard|screenSize|smallestScreenSize|locale|layoutDirection|fontScale|screenLayout|density|uiMode"
42-->src/main/AndroidManifest.xml:15:13-163
43            android:exported="true"
43-->src/main/AndroidManifest.xml:11:13-36
44            android:hardwareAccelerated="true"
44-->src/main/AndroidManifest.xml:16:13-47
45            android:launchMode="singleTop"
45-->src/main/AndroidManifest.xml:12:13-43
46            android:taskAffinity=""
46-->src/main/AndroidManifest.xml:13:13-36
47            android:theme="@style/LaunchTheme"
47-->src/main/AndroidManifest.xml:14:13-47
48            android:windowSoftInputMode="adjustResize" >
48-->src/main/AndroidManifest.xml:17:13-55
49
50            <!--
51                 Specifies an Android theme to apply to this Activity as soon as
52                 the Android process has started. This theme is visible to the user
53                 while the Flutter UI initializes. After that, this theme continues
54                 to determine the Window background behind the Flutter UI.
55            -->
56            <meta-data
56-->src/main/AndroidManifest.xml:22:13-25:17
57                android:name="io.flutter.embedding.android.NormalTheme"
57-->src/main/AndroidManifest.xml:23:15-70
58                android:resource="@style/NormalTheme" />
58-->src/main/AndroidManifest.xml:24:15-52
59
60            <intent-filter>
60-->src/main/AndroidManifest.xml:26:13-29:29
61                <action android:name="android.intent.action.MAIN" />
61-->src/main/AndroidManifest.xml:27:17-68
61-->src/main/AndroidManifest.xml:27:25-66
62
63                <category android:name="android.intent.category.LAUNCHER" />
63-->src/main/AndroidManifest.xml:28:17-76
63-->src/main/AndroidManifest.xml:28:27-74
64            </intent-filter>
65        </activity>
66        <!--
67             Don't delete the meta-data below.
68             This is used by the Flutter tool to generate GeneratedPluginRegistrant.java
69        -->
70        <!--
71             Google Maps API key for google_maps_flutter plugin.
72             Matches the Connected_Living app's debug google_maps_api.xml key.
73             Replace with a billing-enabled key for production use.
74        -->
75        <meta-data
75-->src/main/AndroidManifest.xml:36:9-38:71
76            android:name="com.google.android.geo.API_KEY"
76-->src/main/AndroidManifest.xml:37:13-58
77            android:value="AIzaSyCv_5zK9gY5rZfL36LspmVQIBXJ3wSrAzQ" />
77-->src/main/AndroidManifest.xml:38:13-68
78        <meta-data
78-->src/main/AndroidManifest.xml:39:9-41:33
79            android:name="flutterEmbedding"
79-->src/main/AndroidManifest.xml:40:13-44
80            android:value="2" />
80-->src/main/AndroidManifest.xml:41:13-30
81
82        <uses-library
82-->[androidx.window:window:1.2.0] AndroidManifest.xml:23:9-25:40
83            android:name="androidx.window.extensions"
83-->[androidx.window:window:1.2.0] AndroidManifest.xml:24:13-54
84            android:required="false" />
84-->[androidx.window:window:1.2.0] AndroidManifest.xml:25:13-37
85        <uses-library
85-->[androidx.window:window:1.2.0] AndroidManifest.xml:26:9-28:40
86            android:name="androidx.window.sidecar"
86-->[androidx.window:window:1.2.0] AndroidManifest.xml:27:13-51
87            android:required="false" />
87-->[androidx.window:window:1.2.0] AndroidManifest.xml:28:13-37
88
89        <provider
89-->[androidx.lifecycle:lifecycle-process:2.7.0] AndroidManifest.xml:24:9-32:20
90            android:name="androidx.startup.InitializationProvider"
90-->[androidx.lifecycle:lifecycle-process:2.7.0] AndroidManifest.xml:25:13-67
91            android:authorities="com.froyo.ridekaro.ride_karo.androidx-startup"
91-->[androidx.lifecycle:lifecycle-process:2.7.0] AndroidManifest.xml:26:13-68
92            android:exported="false" >
92-->[androidx.lifecycle:lifecycle-process:2.7.0] AndroidManifest.xml:27:13-37
93            <meta-data
93-->[androidx.lifecycle:lifecycle-process:2.7.0] AndroidManifest.xml:29:13-31:52
94                android:name="androidx.lifecycle.ProcessLifecycleInitializer"
94-->[androidx.lifecycle:lifecycle-process:2.7.0] AndroidManifest.xml:30:17-78
95                android:value="androidx.startup" />
95-->[androidx.lifecycle:lifecycle-process:2.7.0] AndroidManifest.xml:31:17-49
96            <meta-data
96-->[androidx.profileinstaller:profileinstaller:1.3.1] AndroidManifest.xml:29:13-31:52
97                android:name="androidx.profileinstaller.ProfileInstallerInitializer"
97-->[androidx.profileinstaller:profileinstaller:1.3.1] AndroidManifest.xml:30:17-85
98                android:value="androidx.startup" />
98-->[androidx.profileinstaller:profileinstaller:1.3.1] AndroidManifest.xml:31:17-49
99        </provider>
100
101        <receiver
101-->[androidx.profileinstaller:profileinstaller:1.3.1] AndroidManifest.xml:34:9-52:20
102            android:name="androidx.profileinstaller.ProfileInstallReceiver"
102-->[androidx.profileinstaller:profileinstaller:1.3.1] AndroidManifest.xml:35:13-76
103            android:directBootAware="false"
103-->[androidx.profileinstaller:profileinstaller:1.3.1] AndroidManifest.xml:36:13-44
104            android:enabled="true"
104-->[androidx.profileinstaller:profileinstaller:1.3.1] AndroidManifest.xml:37:13-35
105            android:exported="true"
105-->[androidx.profileinstaller:profileinstaller:1.3.1] AndroidManifest.xml:38:13-36
106            android:permission="android.permission.DUMP" >
106-->[androidx.profileinstaller:profileinstaller:1.3.1] AndroidManifest.xml:39:13-57
107            <intent-filter>
107-->[androidx.profileinstaller:profileinstaller:1.3.1] AndroidManifest.xml:40:13-42:29
108                <action android:name="androidx.profileinstaller.action.INSTALL_PROFILE" />
108-->[androidx.profileinstaller:profileinstaller:1.3.1] AndroidManifest.xml:41:17-91
108-->[androidx.profileinstaller:profileinstaller:1.3.1] AndroidManifest.xml:41:25-88
109            </intent-filter>
110            <intent-filter>
110-->[androidx.profileinstaller:profileinstaller:1.3.1] AndroidManifest.xml:43:13-45:29
111                <action android:name="androidx.profileinstaller.action.SKIP_FILE" />
111-->[androidx.profileinstaller:profileinstaller:1.3.1] AndroidManifest.xml:44:17-85
111-->[androidx.profileinstaller:profileinstaller:1.3.1] AndroidManifest.xml:44:25-82
112            </intent-filter>
113            <intent-filter>
113-->[androidx.profileinstaller:profileinstaller:1.3.1] AndroidManifest.xml:46:13-48:29
114                <action android:name="androidx.profileinstaller.action.SAVE_PROFILE" />
114-->[androidx.profileinstaller:profileinstaller:1.3.1] AndroidManifest.xml:47:17-88
114-->[androidx.profileinstaller:profileinstaller:1.3.1] AndroidManifest.xml:47:25-85
115            </intent-filter>
116            <intent-filter>
116-->[androidx.profileinstaller:profileinstaller:1.3.1] AndroidManifest.xml:49:13-51:29
117                <action android:name="androidx.profileinstaller.action.BENCHMARK_OPERATION" />
117-->[androidx.profileinstaller:profileinstaller:1.3.1] AndroidManifest.xml:50:17-95
117-->[androidx.profileinstaller:profileinstaller:1.3.1] AndroidManifest.xml:50:25-92
118            </intent-filter>
119        </receiver>
120    </application>
121
122</manifest>